<?xml version="1.0" encoding="UTF-8"?>
<testsuite name="phan.recipesite.service.IngredientServiceTest" tests="2" skipped="0" failures="0" errors="0" timestamp="2018-08-08T21:06:35" hostname="Munni-PC" time="0.002">
  <properties/>
  <testcase name="findAll_ShouldReturnTwo" classname="phan.recipesite.service.IngredientServiceTest" time="0.0"/>
  <testcase name="findById_ShouldReturnOne" classname="phan.recipesite.service.IngredientServiceTest" time="0.001"/>
  <system-out><![CDATA[]]></system-out>
  <system-err><![CDATA[]]></system-err>
</testsuite>
