<?xml version="1.0" encoding="UTF-8"?>
<testsuite name="phan.recipesite.service.RecipeServiceTest" tests="5" skipped="0" failures="0" errors="0" timestamp="2018-08-08T21:06:35" hostname="Munni-PC" time="0.003">
  <properties/>
  <testcase name="findByCategory_ReturnsOneRecipe" classname="phan.recipesite.service.RecipeServiceTest" time="0.001"/>
  <testcase name="findAll_ShouldReturnTwo" classname="phan.recipesite.service.RecipeServiceTest" time="0.0"/>
  <testcase name="getAllCategories" classname="phan.recipesite.service.RecipeServiceTest" time="0.0"/>
  <testcase name="findByDescriptionOrIngredients_ShouldReturnRecipesWithGivenDescriptionOrIngredient" classname="phan.recipesite.service.RecipeServiceTest" time="0.0"/>
  <testcase name="findById_ShouldReturnOne" classname="phan.recipesite.service.RecipeServiceTest" time="0.0"/>
  <system-out><![CDATA[]]></system-out>
  <system-err><![CDATA[]]></system-err>
</testsuite>
